<?xml version="1.0" encoding="UTF-8"?>
<testsuite xmlns:xsi="http://www.w3.org/2001/XMLSchema-instance" xsi:noNamespaceSchemaLocation="https://maven.apache.org/surefire/maven-surefire-plugin/xsd/surefire-test-report.xsd" name="userTest.LoginTest" time="2.928" tests="3" errors="0" skipped="0" failures="0">
  <properties>
[...]
</properties>
  <testcase name="userLoginWithIncorrectPassword" classname="userTest.LoginTest" time="1.005"/>
  <testcase name="userLoginWithIncorrectEmail" classname="userTest.LoginTest" time="0.997"/>
  <testcase name="successfulUserLogin" classname="userTest.LoginTest" time="0.922"/>
</testsuite>